<?xml version="1.0" encoding="UTF-8" ?>
<testsuite tests="1" failures="0" name="io.cucumber.vm.RunCucumberTest" time="0.078" errors="0" skipped="1">
  <properties>
[...]
</properties>
  <testcase classname="Vending Machine" name="Have Product and user have exact amount of money" time="0.078">
    <skipped/>
    <system-out>
@tag @tag1
Scenario: Have Product and user have exact amount of money        &amp;#27;[90m# io/cucumber/vm/vm.feature:23&amp;#27;[0m
chips...2.0
  &amp;#27;[32mGiven &amp;#27;[0m&amp;#27;[32muser want to buy &amp;#27;[0m&amp;#27;[32m&amp;#27;[1m&quot;chips&quot;&amp;#27;[0m                                  &amp;#27;[90m# io.cucumber.vm.StepDefs.user_want_to_buy_chips1(java.lang.String)&amp;#27;[0m
  &amp;#27;[33mWhen &amp;#27;[0m&amp;#27;[33muser insert the 25 dolars&amp;#27;[0m                                  &amp;#27;[90m# null&amp;#27;[0m
  &amp;#27;[36mAnd &amp;#27;[0m&amp;#27;[36mpress the button with the code&amp;#27;[0m                              &amp;#27;[90m# io.cucumber.vm.StepDefs.press_the_button_with_the_code1()&amp;#27;[0m
  &amp;#27;[36mThen &amp;#27;[0m&amp;#27;[36mThe &amp;#27;[0m&amp;#27;[36m&amp;#27;[1m&quot;ch&quot;&amp;#27;[0m&amp;#27;[36m leaves the machine and the stock reduces in 1unit&amp;#27;[0m &amp;#27;[90m# io.cucumber.vm.StepDefs.the_chips_leaves_the_machine_and_the_stock_reduces_in_1unit(java.lang.String)&amp;#27;[0m
</system-out>
    <system-err>Mar. 10, 2020 3:52:13 P.M. io.cucumber.junit.Cucumber &lt;init&gt;
WARNING: By default Cucumber is running in --non-strict mode.
This default will change to --strict and --non-strict will be removed.
You can use --strict or @CucumberOptions(strict = true) to suppress this warning
</system-err>
  </testcase>
</testsuite>